Global RMG Settings:
   database.directory   = /Users/belinda/Code/RMG-database/input (Default, relative to RMG-Py source code)
RMG execution initiated at Fri Mar 25 15:32:17 2016

#########################################################
# RMG-Py - Reaction Mechanism Generator in Python       #
# Version: 1.0.3                                        #
# Authors: RMG Developers (rmg_dev@mit.edu)             #
# P.I.s:   William H. Green (whgreen@mit.edu)           #
#          Richard H. West (r.west@neu.edu)             #
# Website: http://reactionmechanismgenerator.github.io/ #
#########################################################

The current git HEAD for RMG-Py is:
	ea6122a9f2de57461981e6aa98da8c7c5c4e3f7f
	Wed Mar 23 15:16:00 2016 -0400

The current git HEAD for RMG-database is:
	91176cdfbdca1e5d098d092e46b7005bb0b9a5b2
	Mon Feb 15 17:37:28 2016 -0500

Reading input file "/Users/belinda/Code/RMG-Py/examples/rmg/silane/input.py"...
# Data sources
database(
    thermoLibraries = ['SiliconHydrideLibrary', 'primaryThermoLibrary'],
    reactionLibraries = [('Silicon_Giunta_1990', False), ('DolletSi2H4', False)],
    #reactionLibraries = [('Silicon_Giunta_1990', False)],
    seedMechanisms = [],
    kineticsDepositories = ['training'],
    kineticsFamilies = ['R_Recombination', 'Silylene_Insertion', 'Silylene_to_Silene', 'H_Abstraction'],
    kineticsEstimator = 'rate rules',
)

# List of species
species(
    label='SiH4',
    reactive=True,
    structure=SMILES("[SiH4]")
)

species(
    label='Si2H6',
    reactive=True,
    structure=SMILES("[SiH3][SiH3]")
)

species(
    label='Si3H8',
    reactive=True,
    structure=SMILES("[SiH3][SiH2][SiH3]")
)

species(
    label='SiH3',
    reactive=True,
    structure=SMILES("[SiH3]")
)

#species(
#    label='Si2H5',
#    reactive=True,
#    structure=SMILES("[SiH3][SiH2]")
#)
#
#species(
#    label='H',
#    reactive=True,
#    structure=SMILES("[H]")
#)
#
#species(
#    label='H2',
#    reactive=True,
#    structure=SMILES("[H][H]")
#)
#
species(
    label='SiH2',
    reactive=True,
    structure=adjacencyList("""
1 Si u0 p1 c0 {2,S} {3,S}
2 H u0 p0 c0 {1,S}
3 H u0 p0 c0 {1,S}
""")
)

species(
    label='SiH3SiH',
    reactive=True,
    structure=adjacencyList("""
1 Si u0 p1 c0 {2,S} {3,S}
2 H u0 p0 c0 {1,S}
3 Si u0 p0 c0 {1,S} {4,S} {5,S} {6,S}
4 H u0 p0 c0 {3,S}
5 H u0 p0 c0 {3,S}
6 H u0 p0 c0 {3,S}
""")
)

#species(
#    label='Si=SiHSiH3',
#    reactive=True,
#    structure=adjacencyList("""
#1 Si u0 p1 c0 {2,D}
#2 Si u0 p0 c0 {1,D} {3,S} {4,S}
#3 Si u0 p0 c0 {2,S} {5,S} {6,S} {7,S}
#4 H u0 p0 c0 {2,S}
#5 H u0 p0 c0 {3,S}
#6 H u0 p0 c0 {3,S}
#7 H u0 p0 c0 {3,S}
#""")
#)

species(
    label='Ar',
    reactive=False,
    structure=SMILES("[Ar]")
)

# Reaction system
simpleReactor(
    temperature=(913,'K'),
    pressure=(39000,'Pa'),
    initialMoleFractions={
        "SiH4": 0.00016,
	"Ar": 0.99984,
    },
    terminationConversion={
        'SiH4': 0.9,
    },
#    terminationTime=(1, 's')
)

## Reaction system
#simpleReactor(
#    temperature=(873,'K'),
#    pressure=(39000,'Pa'),
#    initialMoleFractions={
#        "SiH4": 0.0025,
#	"Ar": 0.9975,
#    },
#    terminationConversion={
#        'SiH4': 0.9,
#    },
##    terminationTime=(1, 's')
#)
#
## Reaction system
#simpleReactor(
#    temperature=(873,'K'),
#    pressure=(39000,'Pa'),
#    initialMoleFractions={
#        "SiH4": 0.05,
#	"Ar": 0.95,
#    },
#    terminationConversion={
#        'SiH4': 0.9,
#    },
# #   terminationTime=(1, 's')
#)

simulator(
    atol=1e-16,
    rtol=1e-8,
)

model(
    toleranceKeepInEdge=0.0,
    toleranceMoveToCore=0.00001,
    toleranceInterruptSimulation=0.00005,
    maximumEdgeSpecies=100000
)

#pressureDependence(
#    method='modified strong collision',
#    maximumGrainSize=(0.5,'kcal/mol'),
#    minimumNumberOfGrains=250,
#    temperatures=(300,2000,'K',8),
#    pressures=(0.01,20,'bar',5),
#    interpolation=('Chebyshev', 6, 4),
#)

options(
    units='si',
    saveRestartPeriod=None,
    generateOutputHTML=True,
    generatePlots=False,
    saveEdgeSpecies=True,
)

generatedSpeciesConstraints(
    maximumSiliconAtoms=3
)




Loading thermodynamics library from primaryThermoLibrary.py in /Users/belinda/Code/RMG-database/input/thermo/libraries...
Loading thermodynamics library from SiliconHydrideLibrary.py in /Users/belinda/Code/RMG-database/input/thermo/libraries...
Loading thermodynamics group database from /Users/belinda/Code/RMG-database/input/thermo/groups...
Loading transport library from GRI-Mech.py in /Users/belinda/Code/RMG-database/input/transport/libraries...
Loading transport library from PrimaryTransportLibrary.py in /Users/belinda/Code/RMG-database/input/transport/libraries...
Loading transport group database from /Users/belinda/Code/RMG-database/input/transport/groups...
Loading the user-specified kinetics families from /Users/belinda/Code/RMG-database/input/kinetics/families
Loading kinetics library Silicon_Giunta_1990 from /Users/belinda/Code/RMG-database/input/kinetics/libraries/Silicon_Giunta_1990/reactions.py...
Loading kinetics library DolletSi2H4 from /Users/belinda/Code/RMG-database/input/kinetics/libraries/DolletSi2H4/reactions.py...
Loading frequencies group database from /Users/belinda/Code/RMG-database/input/statmech/groups...
Loading Platts additivity group database from /Users/belinda/Code/RMG-database/input/solvation/groups...
Adding rate rules from training set in kinetics families...
Found thermo for O2 in thermo library: primarythermolibrary
Found thermo for O2 in thermo library: primarythermolibrary
Found thermo for O2 in thermo library: primarythermolibrary
Found thermo for SiH4 in thermo library: siliconhydridelibrary
Found thermo for SiH3 in thermo library: siliconhydridelibrary
Found thermo for H in thermo library: primarythermolibrary
Filling in rate rules in kinetics families by averaging...
Adding reaction library Silicon_Giunta_1990 to model edge...
Found thermo for H2 in thermo library: primarythermolibrary
Found thermo for SiH2SiH2 in thermo library: siliconhydridelibrary

Summary of Model Enlargement
---------------------------------
Added 0 new core species
Created 2 new edge species
    H2(7)
    SiH2SiH2(8)
Added 0 new core reactions
Created 7 new edge reactions
    SiH4(1) <=> SiH2(5) + H2(7)
    Si2H6(2) <=> SiH4(1) + SiH2(5)
    Si2H6(2) <=> SiH3SiH(6) + H2(7)
    Si3H8(3) <=> Si2H6(2) + SiH2(5)
    Si3H8(3) <=> SiH4(1) + SiH3SiH(6)
    SiH3SiH(6) <=> SiH2SiH2(8)
    SiH2(5) + SiH2(5) <=> SiH2SiH2(8)

After model enlargement:
    The model core has 0 species and 0 reactions
    The model edge has 9 species and 7 reactions

Adding reaction library DolletSi2H4 to model edge...
This library reaction was not new: SiH3SiH(6) => SiH2SiH2(8)
This library reaction was not new: SiH2(5) + SiH2(5) => SiH2SiH2(8)
Found thermo for Si in thermo library: siliconhydridelibrary
Found thermo for SiH in thermo library: siliconhydridelibrary
Found thermo for Si2H2 in thermo library: siliconhydridelibrary

Summary of Model Enlargement
---------------------------------
Added 0 new core species
Created 6 new edge species
    Si(9)
    SiH(10)
    SiH2Si(11)
    H3SiSiH_T(12)
    SiH2Si_T(13)
    Si2H2(14)
Added 0 new core reactions
Created 15 new edge reactions
    SiH3SiH(6) => SiH4(1) + Si(9)
    SiH3SiH(6) => SiH3(4) + SiH(10)
    SiH3SiH(6) => SiH2Si(11) + H2(7)
    H3SiSiH_T(12) => SiH2Si_T(13) + H2(7)
    SiH3SiH(6) => SiH2(5) + SiH2(5)
    SiH4(1) + Si(9) => SiH3SiH(6)
    SiH4(1) + Si(9) => SiH2SiH2(8)
    SiH4(1) + Si(9) => SiH2Si(11) + H2(7)
    SiH4(1) + Si(9) => SiH2Si_T(13) + H2(7)
    SiH4(1) + Si(9) => SiH3(4) + SiH(10)
    SiH4(1) + Si(9) => SiH2(5) + SiH2(5)
    Si2H2(14) + H2(7) => SiH2SiH2(8)
    SiH3(4) + SiH(10) => SiH2SiH2(8)
    SiH2(5) + SiH2(5) => Si2H2(14) + H2(7)
    SiH3(4) + SiH(10) => Si2H2(14) + H2(7)

After model enlargement:
    The model core has 0 species and 0 reactions
    The model edge has 15 species and 22 reactions

Found thermo for SiH4 in thermo library: siliconhydridelibrary
Found thermo for Si2H6 in thermo library: siliconhydridelibrary
Found thermo for SiH3 in thermo library: siliconhydridelibrary
Found thermo for SiH2 in thermo library: siliconhydridelibrary
Found thermo for SiH3SiH in thermo library: siliconhydridelibrary
Found thermo for Ar in thermo library: primarythermolibrary
Found thermo for He in thermo library: primarythermolibrary
Found thermo for Ne in thermo library: primarythermolibrary
Found thermo for N2 in thermo library: primarythermolibrary
NOT generating reactions for unreactive species Ar
Generating thermodynamics for new species...
Generating kinetics for new reactions...

Summary of Model Enlargement
---------------------------------
Added 1 new core species
    Ar
Created 0 new edge species
Added 0 new core reactions
Created 0 new edge reactions

After model enlargement:
    The model core has 1 species and 0 reactions
    The model edge has 14 species and 22 reactions


NOT generating reactions for unreactive species He
Generating thermodynamics for new species...
Generating kinetics for new reactions...

Summary of Model Enlargement
---------------------------------
Added 1 new core species
    He
Created 0 new edge species
Added 0 new core reactions
Created 0 new edge reactions

After model enlargement:
    The model core has 2 species and 0 reactions
    The model edge has 14 species and 22 reactions


NOT generating reactions for unreactive species Ne
Generating thermodynamics for new species...
Generating kinetics for new reactions...

Summary of Model Enlargement
---------------------------------
Added 1 new core species
    Ne
Created 0 new edge species
Added 0 new core reactions
Created 0 new edge reactions

After model enlargement:
    The model core has 3 species and 0 reactions
    The model edge has 14 species and 22 reactions


NOT generating reactions for unreactive species N2
Generating thermodynamics for new species...
Generating kinetics for new reactions...

Summary of Model Enlargement
---------------------------------
Added 1 new core species
    N2
Created 0 new edge species
Added 0 new core reactions
Created 0 new edge reactions

After model enlargement:
    The model core has 4 species and 0 reactions
    The model edge has 14 species and 22 reactions


Adding species SiH4(1) to model core
Generating thermodynamics for new species...
Generating kinetics for new reactions...

Summary of Model Enlargement
---------------------------------
Added 1 new core species
    SiH4(1)
Created 0 new edge species
Added 0 new core reactions
Created 0 new edge reactions

After model enlargement:
    The model core has 5 species and 0 reactions
    The model edge has 13 species and 22 reactions


Adding species Si2H6(2) to model core
Generating thermodynamics for new species...
Generating kinetics for new reactions...

Summary of Model Enlargement
---------------------------------
Added 1 new core species
    Si2H6(2)
Created 0 new edge species
Added 0 new core reactions
Created 0 new edge reactions

After model enlargement:
    The model core has 6 species and 0 reactions
    The model edge has 12 species and 22 reactions


Adding species Si3H8(3) to model core
Generating thermodynamics for new species...
Generating kinetics for new reactions...

Summary of Model Enlargement
---------------------------------
Added 1 new core species
    Si3H8(3)
Created 0 new edge species
Added 0 new core reactions
Created 0 new edge reactions

After model enlargement:
    The model core has 7 species and 0 reactions
    The model edge has 11 species and 22 reactions


Adding species SiH3(4) to model core
Generating thermodynamics for new species...
Generating kinetics for new reactions...

Summary of Model Enlargement
---------------------------------
Added 1 new core species
    SiH3(4)
Created 0 new edge species
Added 0 new core reactions
Created 0 new edge reactions

After model enlargement:
    The model core has 8 species and 0 reactions
    The model edge has 10 species and 22 reactions


Adding species SiH2(5) to model core
Generating thermodynamics for new species...
Generating kinetics for new reactions...

Summary of Model Enlargement
---------------------------------
Added 1 new core species
    SiH2(5)
Created 0 new edge species
Moved 2 reactions from edge to core
    Si2H6(2) <=> SiH4(1) + SiH2(5)
    Si3H8(3) <=> Si2H6(2) + SiH2(5)
Added 0 new core reactions
Created 0 new edge reactions

After model enlargement:
    The model core has 9 species and 2 reactions
    The model edge has 9 species and 20 reactions


Adding species SiH3SiH(6) to model core
Generating thermodynamics for new species...
Generating kinetics for new reactions...

Summary of Model Enlargement
---------------------------------
Added 1 new core species
    SiH3SiH(6)
Created 0 new edge species
Moved 2 reactions from edge to core
    Si3H8(3) <=> SiH4(1) + SiH3SiH(6)
    SiH3SiH(6) => SiH2(5) + SiH2(5)
Added 0 new core reactions
Created 0 new edge reactions

After model enlargement:
    The model core has 10 species and 4 reactions
    The model edge has 8 species and 18 reactions


Generating thermodynamics for new species...
Found thermo for [H] in thermo library: primarythermolibrary
Found thermo for [SiH2] in thermo library: siliconhydridelibrary
Generating kinetics for new reactions...
For reaction SiH4(1) <=> SiH3(4) + [H](15), Ea raised from 374.2 to 380.7 kJ/mol to match endothermicity of reaction.
For reaction SiH4(1) + [SiH2][SiH3](16) <=> Si2H6(2) + SiH3(4), Ea raised from 5.2 to 12.3 kJ/mol to match endothermicity of reaction.

Summary of Secondary Model Edge Enlargement
---------------------------------
Added 0 new core species
Created 9 new edge species
    [H](15)
    [SiH2][SiH3](16)
    [SiH3][SiH][SiH3](17)
    [SiH2][SiH2][SiH3](18)
    [SiH3][Si][SiH3](19)
    [SiH][SiH2][SiH3](20)
    [SiH][SiH2](21)
    [Si][SiH3](22)
    [SiH2](23)
Added 1 new core reactions
    SiH3(4) + SiH3(4) <=> Si2H6(2)
Created 22 new edge reactions
    SiH4(1) <=> SiH3(4) + [H](15)
    [H](15) + [SiH2][SiH3](16) <=> Si2H6(2)
    SiH3(4) + [SiH2][SiH3](16) <=> Si3H8(3)
    [H](15) + [SiH3][SiH][SiH3](17) <=> Si3H8(3)
    [H](15) + [SiH2][SiH2][SiH3](18) <=> Si3H8(3)
    [SiH3][Si][SiH3](19) + H2(7) <=> Si3H8(3)
    [SiH][SiH2][SiH3](20) + H2(7) <=> Si3H8(3)
    SiH(10) + H2(7) <=> SiH3(4)
    SiH(10) + [H](15) <=> SiH2(5)
    [H](15) + [SiH][SiH2](21) <=> SiH3SiH(6)
    [H](15) + [Si][SiH3](22) <=> SiH3SiH(6)
    Si2H2(14) + H2(7) <=> SiH3SiH(6)
    SiH4(1) + [SiH2][SiH3](16) <=> Si2H6(2) + SiH3(4)
    Si3H8(3) + SiH3(4) <=> SiH4(1) + [SiH3][SiH][SiH3](17)
    Si3H8(3) + SiH3(4) <=> SiH4(1) + [SiH2][SiH2][SiH3](18)
    SiH3(4) + SiH3(4) <=> SiH4(1) + [SiH2](23)
    SiH3(4) + SiH2(5) <=> SiH4(1) + SiH(10)
    SiH3(4) + SiH2(5) <=> [SiH2][SiH3](16)
    SiH3(4) + SiH3SiH(6) <=> SiH4(1) + [SiH][SiH2](21)
    SiH3(4) + SiH3SiH(6) <=> SiH4(1) + [Si][SiH3](22)
    SiH3(4) + SiH3SiH(6) <=> [SiH2][SiH2][SiH3](18)
    SiH2(5) + SiH3SiH(6) <=> [SiH][SiH2][SiH3](20)

After model enlargement:
    The model core has 10 species and 5 reactions
    The model edge has 17 species and 40 reactions


Completed initial enlarge edge step...
Saving current model core to Chemkin file...
Chemkin file contains 5 reactions.
Saving current model to verbose Chemkin file...
Chemkin file contains 5 reactions.
Saving current model core and edge to Chemkin file...
Chemkin file contains 45 reactions.
Saving current core and edge to verbose Chemkin file...
Chemkin file contains 45 reactions.
Saving current model core to HTML file...
Saving current model edge to HTML file...
Updating RMG execution statistics...
    Execution time (DD:HH:MM:SS): 00:00:00:06
    Memory used: 139.10 MB

Conducting simulation of reaction system 1...
At time 1.0000e-15 s, species H2(7) exceeded the minimum rate for moving to model core
    Characteristic rate: 0.0000e+00 mol/m^3*s
    H2(7) rate: 3.7355e-03 mol/m^3*s
    SiH4(1) conversion: 0         
At time 1.0000e-15 s, species H2(7) exceeded the minimum rate for simulation interruption
    Characteristic rate: 0.0000e+00 mol/m^3*s
    H2(7) rate: 3.7355e-03 mol/m^3*s
    SiH4(1) conversion: 0         


Adding species H2(7) to model core
Generating thermodynamics for new species...
Generating kinetics for new reactions...

Summary of Model Enlargement
---------------------------------
Added 1 new core species
    H2(7)
Created 0 new edge species
Moved 2 reactions from edge to core
    SiH4(1) <=> SiH2(5) + H2(7)
    Si2H6(2) <=> SiH3SiH(6) + H2(7)
Added 0 new core reactions
Created 0 new edge reactions

After model enlargement:
    The model core has 11 species and 7 reactions
    The model edge has 16 species and 38 reactions


Generating thermodynamics for new species...
Generating kinetics for new reactions...

Summary of Secondary Model Edge Enlargement
---------------------------------
Added 0 new core species
Created 0 new edge species
Added 0 new core reactions
Created 2 new edge reactions
    [H](15) + [H](15) <=> H2(7)
    SiH4(1) + [H](15) <=> SiH3(4) + H2(7)

After model enlargement:
    The model core has 11 species and 7 reactions
    The model edge has 16 species and 40 reactions


Saving current model core to Chemkin file...
Chemkin file contains 7 reactions.
Saving current model to verbose Chemkin file...
Chemkin file contains 7 reactions.
Saving current model core and edge to Chemkin file...
Chemkin file contains 47 reactions.
Saving current core and edge to verbose Chemkin file...
Chemkin file contains 47 reactions.
Saving current model core to HTML file...
Saving current model edge to HTML file...
Updating RMG execution statistics...
    Execution time (DD:HH:MM:SS): 00:00:00:06
    Memory used: 139.65 MB

Conducting simulation of reaction system 1...
At time 2.5585e-07 s, species SiH2SiH2(8) exceeded the minimum rate for moving to model core
    Characteristic rate: 6.4705e-03 mol/m^3*s
    SiH2SiH2(8) rate: 1.3935e-07 mol/m^3*s (2.154e-05)
    SiH4(1) conversion: 1.169e-06 
At time 2.5585e-07 s, species SiH2SiH2(8) exceeded the minimum rate for simulation interruption
    Characteristic rate: 6.4705e-03 mol/m^3*s
    SiH2SiH2(8) rate: 1.3935e-07 mol/m^3*s (2.154e-05)
    SiH4(1) conversion: 1.169e-06 


Adding species SiH2SiH2(8) to model core
Generating thermodynamics for new species...
Generating kinetics for new reactions...

Summary of Model Enlargement
---------------------------------
Added 1 new core species
    SiH2SiH2(8)
Created 0 new edge species
Moved 2 reactions from edge to core
    SiH3SiH(6) <=> SiH2SiH2(8)
    SiH2(5) + SiH2(5) <=> SiH2SiH2(8)
Added 0 new core reactions
Created 0 new edge reactions

After model enlargement:
    The model core has 12 species and 9 reactions
    The model edge has 15 species and 38 reactions


Generating thermodynamics for new species...
Found thermo for [SiH]=[SiH2] in thermo library: siliconhydridelibrary
Generating kinetics for new reactions...

Summary of Secondary Model Edge Enlargement
---------------------------------
Added 0 new core species
Created 2 new edge species
    [SiH]=[SiH2](24)
    [SiH2]=[SiH][SiH3](25)
Added 0 new core reactions
Created 4 new edge reactions
    [H](15) + [SiH]=[SiH2](24) <=> SiH2SiH2(8)
    SiH2Si(11) + H2(7) <=> SiH2SiH2(8)
    SiH3(4) + SiH2SiH2(8) <=> SiH4(1) + [SiH]=[SiH2](24)
    SiH2(5) + SiH2SiH2(8) <=> [SiH2]=[SiH][SiH3](25)

After model enlargement:
    The model core has 12 species and 9 reactions
    The model edge has 17 species and 42 reactions


Saving current model core to Chemkin file...
Chemkin file contains 9 reactions.
Saving current model to verbose Chemkin file...
Chemkin file contains 9 reactions.
Saving current model core and edge to Chemkin file...
Chemkin file contains 51 reactions.
Saving current core and edge to verbose Chemkin file...
Chemkin file contains 51 reactions.
Saving current model core to HTML file...
Saving current model edge to HTML file...
Updating RMG execution statistics...
    Execution time (DD:HH:MM:SS): 00:00:00:07
    Memory used: 139.74 MB

Conducting simulation of reaction system 1...
At time 1.0000e-07 s, species SiH2Si(11) exceeded the minimum rate for moving to model core
    Characteristic rate: 6.4702e-03 mol/m^3*s
    SiH2Si(11) rate: 6.9546e-08 mol/m^3*s (1.075e-05)
    SiH4(1) conversion: 4.554e-07 
At time 1.0000e-07 s, species SiH2Si(11) exceeded the minimum rate for simulation interruption
    Characteristic rate: 6.4702e-03 mol/m^3*s
    SiH2Si(11) rate: 6.9546e-08 mol/m^3*s (1.075e-05)
    SiH4(1) conversion: 4.554e-07 


Adding species SiH2Si(11) to model core
Generating thermodynamics for new species...
Generating kinetics for new reactions...

Summary of Model Enlargement
---------------------------------
Added 1 new core species
    SiH2Si(11)
Created 0 new edge species
Moved 2 reactions from edge to core
    SiH3SiH(6) => SiH2Si(11) + H2(7)
    SiH2Si(11) + H2(7) <=> SiH2SiH2(8)
Added 0 new core reactions
Created 0 new edge reactions

After model enlargement:
    The model core has 13 species and 11 reactions
    The model edge has 16 species and 40 reactions


Generating thermodynamics for new species...
Generating kinetics for new reactions...

Summary of Secondary Model Edge Enlargement
---------------------------------
Added 0 new core species
Created 4 new edge species
    [Si]=[SiH](26)
    [Si]=[Si](27)
    [SiH2][SiH]=[SiH2](28)
    [Si]=[SiH][SiH3](29)
Added 0 new core reactions
Created 7 new edge reactions
    [H](15) + [Si]=[SiH](26) <=> SiH2Si(11)
    Si2H2(14) <=> SiH2Si(11)
    H2(7) + [Si]=[Si](27) <=> SiH2Si(11)
    SiH4(1) + SiH2Si(11) <=> [SiH2]=[SiH][SiH3](25)
    SiH3(4) + SiH2Si(11) <=> SiH4(1) + [Si]=[SiH](26)
    SiH3(4) + SiH2Si(11) <=> [SiH2][SiH]=[SiH2](28)
    SiH2(5) + SiH2Si(11) <=> [Si]=[SiH][SiH3](29)

After model enlargement:
    The model core has 13 species and 11 reactions
    The model edge has 20 species and 47 reactions


Saving current model core to Chemkin file...
Chemkin file contains 11 reactions.
Saving current model to verbose Chemkin file...
Chemkin file contains 11 reactions.
Saving current model core and edge to Chemkin file...
Chemkin file contains 58 reactions.
Saving current core and edge to verbose Chemkin file...
Chemkin file contains 58 reactions.
Saving current model core to HTML file...
Saving current model edge to HTML file...
Updating RMG execution statistics...
    Execution time (DD:HH:MM:SS): 00:00:00:07
    Memory used: 140.10 MB

Conducting simulation of reaction system 1...
At time 5.4526e-08 s, species [Si]=[Si](27) exceeded the minimum rate for moving to model core
    Characteristic rate: 6.4701e-03 mol/m^3*s
    [Si]=[Si](27) rate: 1.5924e-07 mol/m^3*s (2.461e-05)
    SiH4(1) conversion: 2.481e-07 
At time 5.4526e-08 s, species [Si]=[Si](27) exceeded the minimum rate for simulation interruption
    Characteristic rate: 6.4701e-03 mol/m^3*s
    [Si]=[Si](27) rate: 1.5924e-07 mol/m^3*s (2.461e-05)
    SiH4(1) conversion: 2.481e-07 


Adding species [Si]=[Si](27) to model core
Generating thermodynamics for new species...
Generating kinetics for new reactions...

Summary of Model Enlargement
---------------------------------
Added 1 new core species
    [Si]=[Si](27)
Created 0 new edge species
Moved 1 reactions from edge to core
    H2(7) + [Si]=[Si](27) <=> SiH2Si(11)
Added 0 new core reactions
Created 0 new edge reactions

After model enlargement:
    The model core has 14 species and 12 reactions
    The model edge has 19 species and 46 reactions


Generating thermodynamics for new species...
Resonance isomer 1 [Si][SiH]=[SiH2] gives H298=532962 J/mol
Resonance isomer 2 [Si]=[SiH][SiH2] gives H298=604722 J/mol
Generating kinetics for new reactions...

Summary of Secondary Model Edge Enlargement
---------------------------------
Added 0 new core species
Created 1 new edge species
    [Si]=[SiH][SiH2](30)
Added 0 new core reactions
Created 2 new edge reactions
    SiH4(1) + [Si]=[Si](27) <=> [Si]=[SiH][SiH3](29)
    SiH3(4) + [Si]=[Si](27) <=> [Si]=[SiH][SiH2](30)

After model enlargement:
    The model core has 14 species and 12 reactions
    The model edge has 20 species and 48 reactions


Saving current model core to Chemkin file...
Chemkin file contains 12 reactions.
Saving current model to verbose Chemkin file...
Chemkin file contains 12 reactions.
Saving current model core and edge to Chemkin file...
Chemkin file contains 60 reactions.
Saving current core and edge to verbose Chemkin file...
Chemkin file contains 60 reactions.
Saving current model core to HTML file...
Saving current model edge to HTML file...
Updating RMG execution statistics...
    Execution time (DD:HH:MM:SS): 00:00:00:07
    Memory used: 140.56 MB

Conducting simulation of reaction system 1...
At time 2.2782e-06 s, species [Si]=[SiH][SiH3](29) exceeded the minimum rate for moving to model core
    Characteristic rate: 6.4987e-03 mol/m^3*s
    [Si]=[SiH][SiH3](29) rate: 7.6828e-08 mol/m^3*s (1.182e-05)
    SiH4(1) conversion: 1.085e-05 
At time 2.2782e-06 s, species [Si]=[SiH][SiH3](29) exceeded the minimum rate for simulation interruption
    Characteristic rate: 6.4987e-03 mol/m^3*s
    [Si]=[SiH][SiH3](29) rate: 7.6828e-08 mol/m^3*s (1.182e-05)
    SiH4(1) conversion: 1.085e-05 


Adding species [Si]=[SiH][SiH3](29) to model core
Generating thermodynamics for new species...
Generating kinetics for new reactions...

Summary of Model Enlargement
---------------------------------
Added 1 new core species
    [Si]=[SiH][SiH3](29)
Created 0 new edge species
Moved 2 reactions from edge to core
    SiH2(5) + SiH2Si(11) <=> [Si]=[SiH][SiH3](29)
    SiH4(1) + [Si]=[Si](27) <=> [Si]=[SiH][SiH3](29)
Added 0 new core reactions
Created 0 new edge reactions

After model enlargement:
    The model core has 15 species and 14 reactions
    The model edge has 19 species and 46 reactions


Generating thermodynamics for new species...
Generating kinetics for new reactions...

Summary of Secondary Model Edge Enlargement
---------------------------------
Added 0 new core species
Created 3 new edge species
    [Si]=[Si][SiH3](31)
    [SiH][Si][SiH3](32)
    [Si]=[SiH][SiH](33)
Added 0 new core reactions
Created 8 new edge reactions
    SiH3(4) + [Si]=[SiH](26) <=> [Si]=[SiH][SiH3](29)
    [H](15) + [Si]=[SiH][SiH2](30) <=> [Si]=[SiH][SiH3](29)
    [H](15) + [Si]=[Si][SiH3](31) <=> [Si]=[SiH][SiH3](29)
    [SiH][Si][SiH3](32) <=> [Si]=[SiH][SiH3](29)
    H2(7) + [Si]=[SiH][SiH](33) <=> [Si]=[SiH][SiH3](29)
    SiH3(4) + [Si]=[SiH][SiH3](29) <=> SiH4(1) + [Si]=[SiH][SiH2](30)
    SiH3(4) + [Si]=[SiH][SiH3](29) <=> SiH4(1) + [Si]=[Si][SiH3](31)
    H2(7) + [Si]=[SiH][SiH3](29) <=> [SiH2]=[SiH][SiH3](25)

After model enlargement:
    The model core has 15 species and 14 reactions
    The model edge has 22 species and 54 reactions


Saving current model core to Chemkin file...
Chemkin file contains 14 reactions.
Saving current model to verbose Chemkin file...
Chemkin file contains 14 reactions.
Saving current model core and edge to Chemkin file...
Chemkin file contains 68 reactions.
Saving current core and edge to verbose Chemkin file...
Chemkin file contains 68 reactions.
Saving current model core to HTML file...
Saving current model edge to HTML file...
Updating RMG execution statistics...
    Execution time (DD:HH:MM:SS): 00:00:00:08
    Memory used: 139.80 MB

Conducting simulation of reaction system 1...
At time 1.2041e-03 s, species SiH(10) exceeded the minimum rate for moving to model core
    Characteristic rate: 9.3579e-03 mol/m^3*s
    SiH(10) rate: 9.9856e-08 mol/m^3*s (1.067e-05)
    SiH4(1) conversion: 0.01054   
At time 1.2041e-03 s, species SiH(10) exceeded the minimum rate for simulation interruption
    Characteristic rate: 9.3579e-03 mol/m^3*s
    SiH(10) rate: 9.9856e-08 mol/m^3*s (1.067e-05)
    SiH4(1) conversion: 0.01054   


Adding species SiH(10) to model core
Generating thermodynamics for new species...
Generating kinetics for new reactions...

Summary of Model Enlargement
---------------------------------
Added 1 new core species
    SiH(10)
Created 0 new edge species
Moved 4 reactions from edge to core
    SiH3SiH(6) => SiH3(4) + SiH(10)
    SiH3(4) + SiH(10) => SiH2SiH2(8)
    SiH(10) + H2(7) <=> SiH3(4)
    SiH3(4) + SiH2(5) <=> SiH4(1) + SiH(10)
Added 0 new core reactions
Created 0 new edge reactions

After model enlargement:
    The model core has 16 species and 18 reactions
    The model edge has 21 species and 50 reactions


Generating thermodynamics for new species...
Generating kinetics for new reactions...
For reaction SiH2(5) + [Si]=[SiH][SiH2](30) <=> SiH(10) + [Si]=[SiH][SiH3](29), Ea raised from -0.5 to 27.3 kJ/mol to match endothermicity of reaction.

Summary of Secondary Model Edge Enlargement
---------------------------------
Added 0 new core species
Created 2 new edge species
    [SiH2][SiH2](34)
    [SiH][SiH2][SiH2](35)
Added 0 new core reactions
Created 19 new edge reactions
    SiH4(1) + SiH(10) <=> [SiH2][SiH3](16)
    SiH2(5) + [SiH2][SiH3](16) <=> Si2H6(2) + SiH(10)
    Si2H6(2) + SiH(10) <=> [SiH2][SiH2][SiH3](18)
    SiH2(5) + [SiH3][SiH][SiH3](17) <=> Si3H8(3) + SiH(10)
    SiH2(5) + [SiH2][SiH2][SiH3](18) <=> Si3H8(3) + SiH(10)
    SiH2(5) + [SiH2](23) <=> SiH3(4) + SiH(10)
    SiH3(4) + SiH(10) <=> [SiH2][SiH2](34)
    SiH3SiH(6) + SiH(10) <=> SiH2(5) + [SiH][SiH2](21)
    SiH3SiH(6) + SiH(10) <=> SiH2(5) + [Si][SiH3](22)
    SiH3SiH(6) + SiH(10) <=> [SiH][SiH2][SiH2](35)
    SiH2(5) + [H](15) <=> SiH(10) + H2(7)
    SiH2(5) + [SiH]=[SiH2](24) <=> SiH(10) + SiH2SiH2(8)
    SiH(10) + SiH2SiH2(8) <=> [SiH2][SiH]=[SiH2](28)
    SiH2(5) + [Si]=[SiH](26) <=> SiH(10) + SiH2Si(11)
    SiH(10) + SiH2Si(11) <=> [Si]=[SiH][SiH2](30)
    SiH2(5) + [Si]=[SiH][SiH2](30) <=> SiH(10) + [Si]=[SiH][SiH3](29)
    SiH2(5) + [Si]=[Si][SiH3](31) <=> SiH(10) + [Si]=[SiH][SiH3](29)
    SiH(10) + SiH(10) <=> SiH2(5) + Si(9)
    SiH(10) + SiH(10) <=> Si2H2(14)

After model enlargement:
    The model core has 16 species and 18 reactions
    The model edge has 23 species and 69 reactions


Saving current model core to Chemkin file...
Chemkin file contains 18 reactions.
Saving current model to verbose Chemkin file...
Chemkin file contains 18 reactions.
Saving current model core and edge to Chemkin file...
Chemkin file contains 87 reactions.
Saving current core and edge to verbose Chemkin file...
Chemkin file contains 87 reactions.
Saving current model core to HTML file...
Saving current model edge to HTML file...
Updating RMG execution statistics...
    Execution time (DD:HH:MM:SS): 00:00:00:08
    Memory used: 140.29 MB

Conducting simulation of reaction system 1...
At time 7.1587e-01 s, reached target termination conversion: 0.900000 of SiH4(1)
    SiH4(1) conversion: 0.9003    

Saving current model core to Chemkin file...
Chemkin file contains 18 reactions.
Saving current model to verbose Chemkin file...
Chemkin file contains 18 reactions.
Saving current model core and edge to Chemkin file...
Chemkin file contains 87 reactions.
Saving current core and edge to verbose Chemkin file...
Chemkin file contains 87 reactions.
Saving current model core to HTML file...
Saving current model edge to HTML file...
Updating RMG execution statistics...
    Execution time (DD:HH:MM:SS): 00:00:00:09
    Memory used: 140.51 MB


MODEL GENERATION COMPLETED

The final model core has 16 species and 18 reactions
The final model edge has 23 species and 69 reactions

RMG execution terminated at Fri Mar 25 15:32:27 2016
